<?xml version="1.0" encoding="UTF-8" ?>
<testsuite tests="8" failures="0" name="com.test.jacoco.test.HelloWorldTest" time="0.02" errors="0" skipped="0">
  <properties>
[...]
</properties>
  <testcase classname="com.test.jacoco.test.HelloWorldTest" name="testBug" time="0.015"/>
  <testcase classname="com.test.jacoco.test.HelloWorldTest" name="testIsBirthday" time="0"/>
  <testcase classname="com.test.jacoco.test.HelloWorldTest" name="testIsTriangle" time="0"/>
  <testcase classname="com.test.jacoco.test.HelloWorldTest" name="testMethod1" time="0"/>
  <testcase classname="com.test.jacoco.test.HelloWorldTest" name="testMethod2" time="0"/>
  <testcase classname="com.test.jacoco.test.HelloWorldTest" name="testMethod3" time="0.005"/>
  <testcase classname="com.test.jacoco.test.HelloWorldTest" name="testMethod4" time="0"/>
  <testcase classname="com.test.jacoco.test.HelloWorldTest" name="testMiniCalculator" time="0"/>
</testsuite>